<?xml version="1.0" encoding="UTF-8"?>
<!-- Generated by org.testng.reporters.JUnitReportReporter -->
<testsuite skipped="1" hostname="DESKTOP-94SQPTM" name="Tests.TestsRunner" tests="21" failures="0" timestamp="24 May 2019 13:07:52 GMT" time="143.309" errors="2">
  <testcase name="newLetterSavedInDraft" time="10.537" classname="Tests.TestsRunner"/>
  <testcase name="login" time="3.915" classname="Tests.TestsRunner"/>
  <testcase name="login" time="3.395" classname="Tests.TestsRunner"/>
  <testcase name="checkDraftFolder" time="1.066" classname="Tests.TestsRunner"/>
  <testcase name="checkDraftFolder" time="0.992" classname="Tests.TestsRunner"/>
  <testcase name="newLetterSavedInDraft" time="8.415" classname="Tests.TestsRunner"/>
  <testcase name="login" time="8.698" classname="Tests.TestsRunner"/>
  <testcase name="verifyAndSendDraft" time="1.455" classname="Tests.TestsRunner"/>
  <testcase name="login" time="4.701" classname="Tests.TestsRunner"/>
  <testcase name="newLetterSavedInDraft" time="9.595" classname="Tests.TestsRunner"/>
  <testcase name="checkSentLetterFolder" time="30.421" classname="Tests.TestsRunner">
    <error type="org.openqa.selenium.TimeoutException" message="Expected condition failed: waiting for text (&#039;AT-WD-№-89&#039;) to be present in element [[ChromeDriver: chrome on XP (dfa77bbb703142b8cfcd4fac6bff776c)] -&gt; xpath: //div[@class=&#039;mail-MessageSnippet-Content&#039;]] (tried for 30 second(s) with 60 milliseconds interval)
Build info: version: &#039;3.14.0&#039;, revision: &#039;aacccce0&#039;, time: &#039;2018-08-02T20:19:58.91Z&#039;
System info: host: &#039;DESKTOP-94SQPTM&#039;, ip: &#039;192.168.12.36&#039;, os.name: &#039;Windows 10&#039;, os.arch: &#039;amd64&#039;, os.version: &#039;10.0&#039;, java.version: &#039;1.8.0_181&#039;
Driver info: org.openqa.selenium.chrome.ChromeDriver
Capabilities {acceptInsecureCerts: false, acceptSslCerts: false, applicationCacheEnabled: false, browserConnectionEnabled: false, browserName: chrome, chrome: {chromedriverVersion: 2.46.628402 (536cd7adbad73a..., userDataDir: C:\Users\adaky\AppData\Loca...}, cssSelectorsEnabled: true, databaseEnabled: false, goog:chromeOptions: {debuggerAddress: localhost:52587}, handlesAlerts: true, hasTouchScreen: false, javascriptEnabled: true, locationContextEnabled: true, mobileEmulationEnabled: false, nativeEvents: true, networkConnectionEnabled: false, pageLoadStrategy: normal, platform: XP, platformName: XP, proxy: Proxy(), rotatable: false, setWindowRect: true, strictFileInteractability: false, takesHeapSnapshot: true, takesScreenshot: true, timeouts: {implicit: 0, pageLoad: 300000, script: 30000}, unexpectedAlertBehaviour: ignore, unhandledPromptBehavior: ignore, version: 74.0.3729.169, webStorageEnabled: true}
Session ID: dfa77bbb703142b8cfcd4fac6bff776c">
      <![CDATA[org.openqa.selenium.TimeoutException: Expected condition failed: waiting for text ('AT-WD-№-89') to be present in element [[ChromeDriver: chrome on XP (dfa77bbb703142b8cfcd4fac6bff776c)] -> xpath: //div[@class='mail-MessageSnippet-Content']] (tried for 30 second(s) with 60 milliseconds interval)
Build info: version: '3.14.0', revision: 'aacccce0', time: '2018-08-02T20:19:58.91Z'
System info: host: 'DESKTOP-94SQPTM', ip: '192.168.12.36', os.name: 'Windows 10', os.arch: 'amd64', os.version: '10.0', java.version: '1.8.0_181'
Driver info: org.openqa.selenium.chrome.ChromeDriver
Capabilities {acceptInsecureCerts: false, acceptSslCerts: false, applicationCacheEnabled: false, browserConnectionEnabled: false, browserName: chrome, chrome: {chromedriverVersion: 2.46.628402 (536cd7adbad73a..., userDataDir: C:\Users\adaky\AppData\Loca...}, cssSelectorsEnabled: true, databaseEnabled: false, goog:chromeOptions: {debuggerAddress: localhost:52587}, handlesAlerts: true, hasTouchScreen: false, javascriptEnabled: true, locationContextEnabled: true, mobileEmulationEnabled: false, nativeEvents: true, networkConnectionEnabled: false, pageLoadStrategy: normal, platform: XP, platformName: XP, proxy: Proxy(), rotatable: false, setWindowRect: true, strictFileInteractability: false, takesHeapSnapshot: true, takesScreenshot: true, timeouts: {implicit: 0, pageLoad: 300000, script: 30000}, unexpectedAlertBehaviour: ignore, unhandledPromptBehavior: ignore, version: 74.0.3729.169, webStorageEnabled: true}
Session ID: dfa77bbb703142b8cfcd4fac6bff776c
at org.openqa.selenium.support.ui.WebDriverWait.timeoutException(WebDriverWait.java:113)
at org.openqa.selenium.support.ui.FluentWait.until(FluentWait.java:283)
at services.SendDraftMail.checkFolders(SendDraftMail.java:46)
at Tests.TestsRunner.checkSentLetterFolder(TestsRunner.java:64)
at sun.reflect.NativeMethodAccessorImpl.invoke0(Native Method)
at sun.reflect.NativeMethodAccessorImpl.invoke(NativeMethodAccessorImpl.java:62)
at sun.reflect.DelegatingMethodAccessorImpl.invoke(DelegatingMethodAccessorImpl.java:43)
at java.lang.reflect.Method.invoke(Method.java:498)
at org.testng.internal.MethodInvocationHelper.invokeMethod(MethodInvocationHelper.java:124)
at org.testng.internal.Invoker.invokeMethod(Invoker.java:580)
at org.testng.internal.Invoker.invokeTestMethod(Invoker.java:716)
at org.testng.internal.Invoker.invokeTestMethods(Invoker.java:988)
at org.testng.internal.TestMethodWorker.invokeTestMethods(TestMethodWorker.java:125)
at org.testng.internal.TestMethodWorker.run(TestMethodWorker.java:109)
at org.testng.TestRunner.privateRun(TestRunner.java:648)
at org.testng.TestRunner.run(TestRunner.java:505)
at org.testng.SuiteRunner.runTest(SuiteRunner.java:455)
at org.testng.SuiteRunner.runSequentially(SuiteRunner.java:450)
at org.testng.SuiteRunner.privateRun(SuiteRunner.java:415)
at org.testng.SuiteRunner.run(SuiteRunner.java:364)
at org.testng.SuiteRunnerWorker.runSuite(SuiteRunnerWorker.java:52)
at org.testng.SuiteRunnerWorker.run(SuiteRunnerWorker.java:84)
at org.testng.TestNG.runSuitesSequentially(TestNG.java:1208)
at org.testng.TestNG.runSuitesSequentially(TestNG.java:1204)
at org.testng.TestNG.runSuitesLocally(TestNG.java:1137)
at org.testng.TestNG.runSuites(TestNG.java:1049)
at org.testng.TestNG.run(TestNG.java:1017)
at runners.SuiteRunner.main(SuiteRunner.java:29)
]]>
    </error>
  </testcase> <!-- checkSentLetterFolder -->
  <testcase name="verifyAndSendDraft" time="1.202" classname="Tests.TestsRunner"/>
  <testcase name="verifyAndSendDraft" time="1.024" classname="Tests.TestsRunner"/>
  <testcase name="newLetterSavedInDraft" time="9.180" classname="Tests.TestsRunner"/>
  <testcase name="login" time="4.337" classname="Tests.TestsRunner"/>
  <testcase name="verifyAndSendDraft" time="1.168" classname="Tests.TestsRunner"/>
  <testcase name="checkSentLetterFolder" time="30.440" classname="Tests.TestsRunner">
    <error type="org.openqa.selenium.TimeoutException" message="Expected condition failed: waiting for text (&#039;AT-WD-№-89&#039;) to be present in element [[ChromeDriver: chrome on XP (2e33d4965cf0593666fbf59713394c4c)] -&gt; xpath: //div[@class=&#039;mail-MessageSnippet-Content&#039;]] (tried for 30 second(s) with 60 milliseconds interval)
Build info: version: &#039;3.14.0&#039;, revision: &#039;aacccce0&#039;, time: &#039;2018-08-02T20:19:58.91Z&#039;
System info: host: &#039;DESKTOP-94SQPTM&#039;, ip: &#039;192.168.12.36&#039;, os.name: &#039;Windows 10&#039;, os.arch: &#039;amd64&#039;, os.version: &#039;10.0&#039;, java.version: &#039;1.8.0_181&#039;
Driver info: org.openqa.selenium.chrome.ChromeDriver
Capabilities {acceptInsecureCerts: false, acceptSslCerts: false, applicationCacheEnabled: false, browserConnectionEnabled: false, browserName: chrome, chrome: {chromedriverVersion: 2.46.628402 (536cd7adbad73a..., userDataDir: C:\Users\adaky\AppData\Loca...}, cssSelectorsEnabled: true, databaseEnabled: false, goog:chromeOptions: {debuggerAddress: localhost:52513}, handlesAlerts: true, hasTouchScreen: false, javascriptEnabled: true, locationContextEnabled: true, mobileEmulationEnabled: false, nativeEvents: true, networkConnectionEnabled: false, pageLoadStrategy: normal, platform: XP, platformName: XP, proxy: Proxy(), rotatable: false, setWindowRect: true, strictFileInteractability: false, takesHeapSnapshot: true, takesScreenshot: true, timeouts: {implicit: 0, pageLoad: 300000, script: 30000}, unexpectedAlertBehaviour: ignore, unhandledPromptBehavior: ignore, version: 74.0.3729.169, webStorageEnabled: true}
Session ID: 2e33d4965cf0593666fbf59713394c4c">
      <![CDATA[org.openqa.selenium.TimeoutException: Expected condition failed: waiting for text ('AT-WD-№-89') to be present in element [[ChromeDriver: chrome on XP (2e33d4965cf0593666fbf59713394c4c)] -> xpath: //div[@class='mail-MessageSnippet-Content']] (tried for 30 second(s) with 60 milliseconds interval)
Build info: version: '3.14.0', revision: 'aacccce0', time: '2018-08-02T20:19:58.91Z'
System info: host: 'DESKTOP-94SQPTM', ip: '192.168.12.36', os.name: 'Windows 10', os.arch: 'amd64', os.version: '10.0', java.version: '1.8.0_181'
Driver info: org.openqa.selenium.chrome.ChromeDriver
Capabilities {acceptInsecureCerts: false, acceptSslCerts: false, applicationCacheEnabled: false, browserConnectionEnabled: false, browserName: chrome, chrome: {chromedriverVersion: 2.46.628402 (536cd7adbad73a..., userDataDir: C:\Users\adaky\AppData\Loca...}, cssSelectorsEnabled: true, databaseEnabled: false, goog:chromeOptions: {debuggerAddress: localhost:52513}, handlesAlerts: true, hasTouchScreen: false, javascriptEnabled: true, locationContextEnabled: true, mobileEmulationEnabled: false, nativeEvents: true, networkConnectionEnabled: false, pageLoadStrategy: normal, platform: XP, platformName: XP, proxy: Proxy(), rotatable: false, setWindowRect: true, strictFileInteractability: false, takesHeapSnapshot: true, takesScreenshot: true, timeouts: {implicit: 0, pageLoad: 300000, script: 30000}, unexpectedAlertBehaviour: ignore, unhandledPromptBehavior: ignore, version: 74.0.3729.169, webStorageEnabled: true}
Session ID: 2e33d4965cf0593666fbf59713394c4c
at org.openqa.selenium.support.ui.WebDriverWait.timeoutException(WebDriverWait.java:113)
at org.openqa.selenium.support.ui.FluentWait.until(FluentWait.java:283)
at services.SendDraftMail.checkFolders(SendDraftMail.java:46)
at Tests.TestsRunner.checkSentLetterFolder(TestsRunner.java:64)
at sun.reflect.NativeMethodAccessorImpl.invoke0(Native Method)
at sun.reflect.NativeMethodAccessorImpl.invoke(NativeMethodAccessorImpl.java:62)
at sun.reflect.DelegatingMethodAccessorImpl.invoke(DelegatingMethodAccessorImpl.java:43)
at java.lang.reflect.Method.invoke(Method.java:498)
at org.testng.internal.MethodInvocationHelper.invokeMethod(MethodInvocationHelper.java:124)
at org.testng.internal.Invoker.invokeMethod(Invoker.java:580)
at org.testng.internal.Invoker.invokeTestMethod(Invoker.java:716)
at org.testng.internal.Invoker.invokeTestMethods(Invoker.java:988)
at org.testng.internal.TestMethodWorker.invokeTestMethods(TestMethodWorker.java:125)
at org.testng.internal.TestMethodWorker.run(TestMethodWorker.java:109)
at org.testng.TestRunner.privateRun(TestRunner.java:648)
at org.testng.TestRunner.run(TestRunner.java:505)
at org.testng.SuiteRunner.runTest(SuiteRunner.java:455)
at org.testng.SuiteRunner.runSequentially(SuiteRunner.java:450)
at org.testng.SuiteRunner.privateRun(SuiteRunner.java:415)
at org.testng.SuiteRunner.run(SuiteRunner.java:364)
at org.testng.SuiteRunnerWorker.runSuite(SuiteRunnerWorker.java:52)
at org.testng.SuiteRunnerWorker.run(SuiteRunnerWorker.java:84)
at org.testng.TestNG.runSuitesSequentially(TestNG.java:1208)
at org.testng.TestNG.runSuitesSequentially(TestNG.java:1204)
at org.testng.TestNG.runSuitesLocally(TestNG.java:1137)
at org.testng.TestNG.runSuites(TestNG.java:1049)
at org.testng.TestNG.run(TestNG.java:1017)
at runners.SuiteRunner.main(SuiteRunner.java:29)
]]>
    </error>
  </testcase> <!-- checkSentLetterFolder -->
  <testcase name="logingOut" time="0.000" classname="Tests.TestsRunner">
    <skipped/>
  </testcase> <!-- logingOut -->
  <testcase name="checkDraftFolder" time="0.925" classname="Tests.TestsRunner"/>
  <testcase name="login" time="3.542" classname="Tests.TestsRunner"/>
  <testcase name="newLetterSavedInDraft" time="8.301" classname="Tests.TestsRunner"/>
</testsuite> <!-- Tests.TestsRunner -->
